Arguments: 
  C:\Program Files\nodejs\node.exe C:\Users\veere\AppData\Roaming\npm\node_modules\yarn\bin\yarn.js install

PATH: 
  C:\Python39\Scripts\;C:\Python39\;C:\Windows\system32;C:\Windows;C:\Windows\System32\Wbem;C:\Windows\System32\WindowsPowerShell\v1.0\;C:\Windows\System32\OpenSSH\;C:\Program Files\nodejs\;C:\ProgramData\chocolatey\bin;C:\Program Files\Git\cmd;C:\Users\veere\AppData\Local\Microsoft\WindowsApps;;C:\Users\veere\AppData\Local\Programs\Microsoft VS Code\bin;C:\Users\veere\AppData\Roaming\npm;C:\Program Files\heroku\bin

Yarn version: 
  1.22.11

Node version: 
  14.17.6

Platform: 
  win32 x64

Trace: 
  Error: https://registry.yarnpkg.com/date-fns/-/date-fns-2.25.0.tgz: ESOCKETTIMEDOUT
      at ClientRequest.<anonymous> (C:\Users\veere\AppData\Roaming\npm\node_modules\yarn\lib\cli.js:141390:19)
      at Object.onceWrapper (events.js:519:28)
      at ClientRequest.emit (events.js:400:28)
      at TLSSocket.emitRequestTimeout (_http_client.js:790:9)
      at Object.onceWrapper (events.js:519:28)
      at TLSSocket.emit (events.js:412:35)
      at TLSSocket.Socket._onTimeout (net.js:484:8)
      at listOnTimeout (internal/timers.js:557:17)
      at processTimers (internal/timers.js:500:7)

npm manifest: 
  {
    "name": "analogica",
    "version": "1.0.0",
    "private": true,
    "description": "Analogica",
    "keywords": [
      "analogica"
    ],
    "scripts": {
      "develop": "gatsby develop",
      "start": "gatsby develop",
      "build": "gatsby build",
      "serve": "gatsby serve",
      "clean": "gatsby clean"
    },
    "dependencies": {
      "@fontsource/poppins": "^4.5.0",
      "@material-ui/core": "^4.12.3",
      "@react-icons/all-files": "^4.1.0",
      "aos": "^2.3.4",
      "assert": "^2.0.0",
      "babel-plugin-styled-components": "^1.13.2",
      "gatsby": "^3.13.0",
      "gatsby-plugin-image": "^1.13.0",
      "gatsby-plugin-load-script": "^1.1.0",
      "gatsby-plugin-mailchimp": "^5.2.2",
      "gatsby-plugin-manifest": "^3.13.0",
      "gatsby-plugin-react-helmet": "^4.13.0",
      "gatsby-plugin-sharp": "^3.13.0",
      "gatsby-plugin-sitemap": "^4.9.0",
      "gatsby-plugin-styled-components": "^4.13.0",
      "gatsby-source-filesystem": "^3.13.0",
      "gatsby-source-strapi": "^1.0.2",
      "gatsby-transformer-sharp": "^3.13.0",
      "react": "^17.0.1",
      "react-dom": "^17.0.1",
      "react-grid-carousel": "^1.0.1",
      "react-helmet": "^6.1.0",
      "react-markdown": "^7.0.1",
      "react-slick": "^0.28.1",
      "slick-carousel": "^1.8.1",
      "styled-components": "^5.3.1",
      "wowjs": "^1.1.3"
    }
  }

yarn manifest: 
  No manifest

Lockfile: 
  No lockfile
